2026-03-20 13:01:56,428 - aiogram.dispatcher - INFO - Start polling
2026-03-20 13:01:59,354 - aiogram.dispatcher - INFO - Run polling for bot @misterassistantloyalbot id=8392026795 - 'Mister Assistant'
2026-03-20 13:50:04,041 - aiogram.dispatcher - ERROR - Failed to fetch updates - TelegramNetworkError: HTTP Client says - ClientOSError: [WinError 121] The semaphore timeout period has expired
2026-03-20 13:50:04,068 - aiogram.dispatcher - WARNING - Sleep for 1.000000 seconds and try again... (tryings = 0, bot id = 8392026795)
2026-03-20 13:50:59,188 - aiogram.dispatcher - INFO - Connection established (tryings = 1, bot id = 8392026795)
2026-03-20 13:55:05,323 - aiogram.dispatcher - INFO - Polling stopped
2026-03-20 13:55:05,382 - aiogram.dispatcher - ERROR - Failed to fetch updates - TelegramNetworkError: HTTP Client says - ServerDisconnectedError: Server disconnected
2026-03-20 13:55:05,395 - aiogram.dispatcher - WARNING - Sleep for 1.000000 seconds and try again... (tryings = 0, bot id = 8392026795)
2026-03-20 13:55:27,765 - aiogram.dispatcher - INFO - Start polling
2026-03-20 13:55:28,601 - aiogram.dispatcher - INFO - Run polling for bot @misterassistantloyalbot id=8392026795 - 'Mister Assistant'
2026-03-20 13:55:42,695 - aiogram.event - INFO - Update id=852457718 is handled. Duration 15 ms by bot id=8392026795
2026-03-20 16:06:50,832 - aiogram.dispatcher - ERROR - Failed to fetch updates - TelegramNetworkError: HTTP Client says - Request timeout error
2026-03-20 16:06:50,908 - aiogram.dispatcher - WARNING - Sleep for 1.000000 seconds and try again... (tryings = 0, bot id = 8392026795)
2026-03-20 16:07:04,705 - aiogram.dispatcher - INFO - Connection established (tryings = 1, bot id = 8392026795)
2026-03-20 17:08:27,997 - aiogram.event - INFO - Update id=852457719 is handled. Duration 4422 ms by bot id=8392026795
2026-03-20 17:29:15,277 - aiogram.dispatcher - ERROR - Failed to fetch updates - TelegramNetworkError: HTTP Client says - Request timeout error
2026-03-20 17:29:15,310 - aiogram.dispatcher - WARNING - Sleep for 1.000000 seconds and try again... (tryings = 0, bot id = 8392026795)
2026-03-20 17:29:29,146 - aiogram.dispatcher - INFO - Connection established (tryings = 1, bot id = 8392026795)
2026-03-21 06:27:09,094 - aiogram.dispatcher - ERROR - Failed to fetch updates - TelegramNetworkError: HTTP Client says - Request timeout error
2026-03-21 06:27:09,713 - aiogram.dispatcher - WARNING - Sleep for 1.000000 seconds and try again... (tryings = 0, bot id = 8392026795)
2026-03-21 06:27:11,050 - aiogram.dispatcher - ERROR - Failed to fetch updates - TelegramNetworkError: HTTP Client says - ClientConnectorDNSError: Cannot connect to host api.telegram.org:443 ssl:default [getaddrinfo failed]
2026-03-21 06:27:11,320 - aiogram.dispatcher - WARNING - Sleep for 1.292221 seconds and try again... (tryings = 1, bot id = 8392026795)
2026-03-21 06:27:13,009 - aiogram.dispatcher - ERROR - Failed to fetch updates - TelegramNetworkError: HTTP Client says - ClientConnectorDNSError: Cannot connect to host api.telegram.org:443 ssl:default [getaddrinfo failed]
2026-03-21 06:27:13,198 - aiogram.dispatcher - WARNING - Sleep for 1.631874 seconds and try again... (tryings = 2, bot id = 8392026795)
2026-03-21 06:27:15,115 - aiogram.dispatcher - ERROR - Failed to fetch updates - TelegramNetworkError: HTTP Client says - ClientConnectorDNSError: Cannot connect to host api.telegram.org:443 ssl:default [getaddrinfo failed]
2026-03-21 06:27:15,571 - aiogram.dispatcher - WARNING - Sleep for 2.228429 seconds and try again... (tryings = 3, bot id = 8392026795)
2026-03-21 06:27:18,596 - aiogram.dispatcher - ERROR - Failed to fetch updates - TelegramNetworkError: HTTP Client says - ClientConnectorDNSError: Cannot connect to host api.telegram.org:443 ssl:default [getaddrinfo failed]
2026-03-21 06:27:18,928 - aiogram.dispatcher - WARNING - Sleep for 2.968866 seconds and try again... (tryings = 4, bot id = 8392026795)
2026-03-21 06:27:22,310 - aiogram.dispatcher - ERROR - Failed to fetch updates - TelegramNetworkError: HTTP Client says - ClientConnectorDNSError: Cannot connect to host api.telegram.org:443 ssl:default [getaddrinfo failed]
2026-03-21 06:27:22,395 - aiogram.dispatcher - WARNING - Sleep for 4.004419 seconds and try again... (tryings = 5, bot id = 8392026795)
2026-03-21 06:27:26,412 - aiogram.dispatcher - ERROR - Failed to fetch updates - TelegramNetworkError: HTTP Client says - ClientConnectorDNSError: Cannot connect to host api.telegram.org:443 ssl:default [getaddrinfo failed]
2026-03-21 06:27:26,423 - aiogram.dispatcher - WARNING - Sleep for 5.146418 seconds and try again... (tryings = 6, bot id = 8392026795)
2026-03-21 06:27:31,579 - aiogram.dispatcher - ERROR - Failed to fetch updates - TelegramNetworkError: HTTP Client says - ClientConnectorDNSError: Cannot connect to host api.telegram.org:443 ssl:default [getaddrinfo failed]
2026-03-21 06:27:31,582 - aiogram.dispatcher - WARNING - Sleep for 5.051600 seconds and try again... (tryings = 7, bot id = 8392026795)
2026-03-21 06:27:36,636 - aiogram.dispatcher - ERROR - Failed to fetch updates - TelegramNetworkError: HTTP Client says - ClientConnectorDNSError: Cannot connect to host api.telegram.org:443 ssl:default [getaddrinfo failed]
2026-03-21 06:27:36,642 - aiogram.dispatcher - WARNING - Sleep for 5.121566 seconds and try again... (tryings = 8, bot id = 8392026795)
2026-03-21 06:27:41,928 - aiogram.dispatcher - ERROR - Failed to fetch updates - TelegramNetworkError: HTTP Client says - ClientConnectorDNSError: Cannot connect to host api.telegram.org:443 ssl:default [getaddrinfo failed]
2026-03-21 06:27:41,932 - aiogram.dispatcher - WARNING - Sleep for 5.216613 seconds and try again... (tryings = 9, bot id = 8392026795)
2026-03-21 06:27:47,240 - aiogram.dispatcher - ERROR - Failed to fetch updates - TelegramNetworkError: HTTP Client says - ClientConnectorDNSError: Cannot connect to host api.telegram.org:443 ssl:default [getaddrinfo failed]
2026-03-21 06:27:47,293 - aiogram.dispatcher - WARNING - Sleep for 4.975135 seconds and try again... (tryings = 10, bot id = 8392026795)
2026-03-21 06:27:52,317 - aiogram.dispatcher - ERROR - Failed to fetch updates - TelegramNetworkError: HTTP Client says - ClientConnectorDNSError: Cannot connect to host api.telegram.org:443 ssl:default [getaddrinfo failed]
2026-03-21 06:27:52,339 - aiogram.dispatcher - WARNING - Sleep for 5.073954 seconds and try again... (tryings = 11, bot id = 8392026795)
2026-03-21 06:28:09,752 - aiogram.dispatcher - INFO - Connection established (tryings = 12, bot id = 8392026795)
2026-03-21 07:41:16,518 - aiogram.dispatcher - ERROR - Failed to fetch updates - TelegramNetworkError: HTTP Client says - Request timeout error
2026-03-21 07:41:16,559 - aiogram.dispatcher - WARNING - Sleep for 1.000000 seconds and try again... (tryings = 0, bot id = 8392026795)
2026-03-21 07:41:31,007 - aiogram.dispatcher - INFO - Connection established (tryings = 1, bot id = 8392026795)
2026-03-21 08:35:21,785 - aiogram.dispatcher - ERROR - Failed to fetch updates - TelegramNetworkError: HTTP Client says - ClientOSError: [WinError 1236] The network connection was aborted by the local system
2026-03-21 08:35:21,808 - aiogram.dispatcher - WARNING - Sleep for 1.000000 seconds and try again... (tryings = 0, bot id = 8392026795)
2026-03-21 08:35:22,875 - aiogram.dispatcher - ERROR - Failed to fetch updates - TelegramNetworkError: HTTP Client says - ClientConnectorError: Cannot connect to host api.telegram.org:443 ssl:default [The network location cannot be reached. For information about network troubleshooting, see Windows Help]
2026-03-21 08:35:22,884 - aiogram.dispatcher - WARNING - Sleep for 1.300909 seconds and try again... (tryings = 1, bot id = 8392026795)
2026-03-21 08:35:24,188 - aiogram.dispatcher - ERROR - Failed to fetch updates - TelegramNetworkError: HTTP Client says - ClientConnectorError: Cannot connect to host api.telegram.org:443 ssl:default [The network location cannot be reached. For information about network troubleshooting, see Windows Help]
2026-03-21 08:35:24,189 - aiogram.dispatcher - WARNING - Sleep for 1.653136 seconds and try again... (tryings = 2, bot id = 8392026795)
2026-03-21 08:35:25,848 - aiogram.dispatcher - ERROR - Failed to fetch updates - TelegramNetworkError: HTTP Client says - ClientConnectorError: Cannot connect to host api.telegram.org:443 ssl:default [The network location cannot be reached. For information about network troubleshooting, see Windows Help]
2026-03-21 08:35:25,849 - aiogram.dispatcher - WARNING - Sleep for 2.117506 seconds and try again... (tryings = 3, bot id = 8392026795)
2026-03-21 08:35:27,969 - aiogram.dispatcher - ERROR - Failed to fetch updates - TelegramNetworkError: HTTP Client says - ClientConnectorError: Cannot connect to host api.telegram.org:443 ssl:default [The network location cannot be reached. For information about network troubleshooting, see Windows Help]
2026-03-21 08:35:27,970 - aiogram.dispatcher - WARNING - Sleep for 2.716982 seconds and try again... (tryings = 4, bot id = 8392026795)
2026-03-21 08:35:30,690 - aiogram.dispatcher - ERROR - Failed to fetch updates - TelegramNetworkError: HTTP Client says - ClientConnectorError: Cannot connect to host api.telegram.org:443 ssl:default [The network location cannot be reached. For information about network troubleshooting, see Windows Help]
2026-03-21 08:35:30,691 - aiogram.dispatcher - WARNING - Sleep for 3.599543 seconds and try again... (tryings = 5, bot id = 8392026795)
2026-03-21 08:35:34,337 - aiogram.dispatcher - ERROR - Failed to fetch updates - TelegramNetworkError: HTTP Client says - ClientConnectorError: Cannot connect to host api.telegram.org:443 ssl:default [The network location cannot be reached. For information about network troubleshooting, see Windows Help]
2026-03-21 08:35:34,338 - aiogram.dispatcher - WARNING - Sleep for 4.661749 seconds and try again... (tryings = 6, bot id = 8392026795)
2026-03-21 08:35:39,003 - aiogram.dispatcher - ERROR - Failed to fetch updates - TelegramNetworkError: HTTP Client says - ClientConnectorError: Cannot connect to host api.telegram.org:443 ssl:default [The network location cannot be reached. For information about network troubleshooting, see Windows Help]
2026-03-21 08:35:39,006 - aiogram.dispatcher - WARNING - Sleep for 4.986470 seconds and try again... (tryings = 7, bot id = 8392026795)
2026-03-21 08:35:43,995 - aiogram.dispatcher - ERROR - Failed to fetch updates - TelegramNetworkError: HTTP Client says - ClientConnectorError: Cannot connect to host api.telegram.org:443 ssl:default [The network location cannot be reached. For information about network troubleshooting, see Windows Help]
2026-03-21 08:35:43,996 - aiogram.dispatcher - WARNING - Sleep for 4.989959 seconds and try again... (tryings = 8, bot id = 8392026795)
2026-03-21 08:35:48,991 - aiogram.dispatcher - ERROR - Failed to fetch updates - TelegramNetworkError: HTTP Client says - ClientConnectorError: Cannot connect to host api.telegram.org:443 ssl:default [The network location cannot be reached. For information about network troubleshooting, see Windows Help]
2026-03-21 08:35:48,995 - aiogram.dispatcher - WARNING - Sleep for 4.958040 seconds and try again... (tryings = 9, bot id = 8392026795)
2026-03-21 08:35:53,960 - aiogram.dispatcher - ERROR - Failed to fetch updates - TelegramNetworkError: HTTP Client says - ClientConnectorError: Cannot connect to host api.telegram.org:443 ssl:default [The network location cannot be reached. For information about network troubleshooting, see Windows Help]
2026-03-21 08:35:53,962 - aiogram.dispatcher - WARNING - Sleep for 4.964552 seconds and try again... (tryings = 10, bot id = 8392026795)
2026-03-21 08:35:58,932 - aiogram.dispatcher - ERROR - Failed to fetch updates - TelegramNetworkError: HTTP Client says - ClientConnectorError: Cannot connect to host api.telegram.org:443 ssl:default [The network location cannot be reached. For information about network troubleshooting, see Windows Help]
2026-03-21 08:35:58,934 - aiogram.dispatcher - WARNING - Sleep for 4.978526 seconds and try again... (tryings = 11, bot id = 8392026795)
2026-03-21 08:36:03,915 - aiogram.dispatcher - ERROR - Failed to fetch updates - TelegramNetworkError: HTTP Client says - ClientConnectorError: Cannot connect to host api.telegram.org:443 ssl:default [The network location cannot be reached. For information about network troubleshooting, see Windows Help]
2026-03-21 08:36:03,917 - aiogram.dispatcher - WARNING - Sleep for 4.823889 seconds and try again... (tryings = 12, bot id = 8392026795)
2026-03-21 08:36:08,744 - aiogram.dispatcher - ERROR - Failed to fetch updates - TelegramNetworkError: HTTP Client says - ClientConnectorError: Cannot connect to host api.telegram.org:443 ssl:default [The network location cannot be reached. For information about network troubleshooting, see Windows Help]
2026-03-21 08:36:08,745 - aiogram.dispatcher - WARNING - Sleep for 5.074692 seconds and try again... (tryings = 13, bot id = 8392026795)
2026-03-21 08:36:13,822 - aiogram.dispatcher - ERROR - Failed to fetch updates - TelegramNetworkError: HTTP Client says - ClientConnectorError: Cannot connect to host api.telegram.org:443 ssl:default [The network location cannot be reached. For information about network troubleshooting, see Windows Help]
2026-03-21 08:36:13,823 - aiogram.dispatcher - WARNING - Sleep for 4.954769 seconds and try again... (tryings = 14, bot id = 8392026795)
2026-03-21 08:36:18,783 - aiogram.dispatcher - ERROR - Failed to fetch updates - TelegramNetworkError: HTTP Client says - ClientConnectorError: Cannot connect to host api.telegram.org:443 ssl:default [The network location cannot be reached. For information about network troubleshooting, see Windows Help]
2026-03-21 08:36:18,784 - aiogram.dispatcher - WARNING - Sleep for 5.058527 seconds and try again... (tryings = 15, bot id = 8392026795)
2026-03-21 08:36:23,846 - aiogram.dispatcher - ERROR - Failed to fetch updates - TelegramNetworkError: HTTP Client says - ClientConnectorError: Cannot connect to host api.telegram.org:443 ssl:default [The network location cannot be reached. For information about network troubleshooting, see Windows Help]
2026-03-21 08:36:23,848 - aiogram.dispatcher - WARNING - Sleep for 4.939807 seconds and try again... (tryings = 16, bot id = 8392026795)
2026-03-21 08:36:28,791 - aiogram.dispatcher - ERROR - Failed to fetch updates - TelegramNetworkError: HTTP Client says - ClientConnectorError: Cannot connect to host api.telegram.org:443 ssl:default [The network location cannot be reached. For information about network troubleshooting, see Windows Help]
2026-03-21 08:36:28,792 - aiogram.dispatcher - WARNING - Sleep for 5.093090 seconds and try again... (tryings = 17, bot id = 8392026795)
2026-03-21 08:36:45,476 - aiogram.dispatcher - INFO - Connection established (tryings = 18, bot id = 8392026795)
2026-03-22 02:53:03,927 - aiogram.dispatcher - INFO - Start polling
2026-03-22 02:53:07,889 - aiogram.dispatcher - INFO - Run polling for bot @misterassistantloyalbot id=8392026795 - 'Mister Assistant'
2026-03-22 02:53:45,399 - aiogram.event - INFO - Update id=852457720 is handled. Duration 967 ms by bot id=8392026795
2026-03-22 02:53:51,069 - aiogram.event - INFO - Update id=852457721 is handled. Duration 312 ms by bot id=8392026795
2026-03-22 02:53:58,161 - aiogram.event - INFO - Update id=852457722 is handled. Duration 311 ms by bot id=8392026795
2026-03-22 02:54:15,379 - aiogram.event - INFO - Update id=852457723 is handled. Duration 327 ms by bot id=8392026795
2026-03-22 02:54:21,726 - aiogram.event - INFO - Update id=852457724 is handled. Duration 329 ms by bot id=8392026795
2026-03-22 02:54:32,764 - aiogram.event - INFO - Update id=852457725 is handled. Duration 0 ms by bot id=8392026795
2026-03-22 02:55:48,398 - aiogram.dispatcher - INFO - Start polling
2026-03-22 02:55:50,176 - aiogram.dispatcher - INFO - Run polling for bot @misterassistantloyalbot id=8392026795 - 'Mister Assistant'
2026-03-22 02:56:04,796 - aiogram.dispatcher - INFO - Polling stopped
2026-03-22 02:56:04,812 - aiogram.dispatcher - ERROR - Failed to fetch updates - TelegramNetworkError: HTTP Client says - ServerDisconnectedError: Server disconnected
2026-03-22 02:56:04,823 - aiogram.dispatcher - WARNING - Sleep for 1.000000 seconds and try again... (tryings = 0, bot id = 8392026795)
